[INFO] 21:54:23:119 IO/(40564:40564): Dispositivo IO '(null)' iniciando...
[ERROR] 21:54:23:120 IO/(40564:40564): Fallo la conexión con el Kernel.
[INFO] 21:56:11:728 IO/(40862:40862): Dispositivo IO '(null)' iniciando...
[ERROR] 21:56:11:728 IO/(40862:40862): Fallo la conexión con el Kernel.
[INFO] 21:56:44:392 IO/(41133:41133): Dispositivo IO '(null)' iniciando...
[ERROR] 21:56:44:393 IO/(41133:41133): Fallo la conexión con el Kernel.
[INFO] 21:57:46:163 IO/(41587:41587): Dispositivo IO '(null)' iniciando...
[ERROR] 21:57:46:163 IO/(41587:41587): Fallo la conexión con el Kernel.
[INFO] 21:59:07:354 IO/(42333:42333): Dispositivo IO '(null)' iniciando...
[ERROR] 21:59:07:354 IO/(42333:42333): Fallo la conexión con el Kernel.
[INFO] 22:09:33:799 IO/(44804:44804): Dispositivo IO '(null)' iniciando...
[ERROR] 22:09:33:799 IO/(44804:44804): Fallo la conexión con el Kernel.
[INFO] 22:10:11:692 IO/(45098:45098): Dispositivo IO '(null)' iniciando...
[ERROR] 22:10:11:692 IO/(45098:45098): Fallo la conexión con el Kernel.
[INFO] 22:10:34:544 IO/(45632:45632): Dispositivo IO '(null)' iniciando...
[ERROR] 22:10:34:544 IO/(45632:45632): Fallo la conexión con el Kernel.
[INFO] 22:12:51:893 IO/(46142:46142): Dispositivo IO '(null)' iniciando...
[ERROR] 22:12:51:894 IO/(46142:46142): Fallo la conexión con el Kernel.
[INFO] 22:13:22:546 IO/(46965:46965): Dispositivo IO '(null)' iniciando...
[ERROR] 22:13:22:547 IO/(46965:46965): Fallo la conexión con el Kernel.
[INFO] 22:16:47:812 IO/(47299:47299): Dispositivo IO '(null)' iniciando...
[ERROR] 22:16:47:812 IO/(47299:47299): Fallo la conexión con el Kernel.
[INFO] 22:17:07:516 IO/(47560:47560): Dispositivo IO '(null)' iniciando...
[INFO] 22:17:07:516 IO/(47560:47560): Conectado al Kernel en ip_kernel:8003
[INFO] 22:17:07:516 IO/(47560:47560): IO listo. Esperando peticiones...
[INFO] 22:17:41:088 IO/(48137:48137): Dispositivo IO '(null)' iniciando...
[INFO] 22:17:41:088 IO/(48137:48137): Conectado al Kernel en ip_kernel:8003
[INFO] 22:17:41:088 IO/(48137:48137): IO listo. Esperando peticiones...
[INFO] 22:18:31:976 IO/(48649:48649): Dispositivo IO '(null)' iniciando...
[ERROR] 22:18:31:976 IO/(48649:48649): Fallo la conexión con el Kernel.
[INFO] 22:19:39:361 IO/(49506:49506): Dispositivo IO '(null)' iniciando...
[INFO] 22:23:27:077 IO/(49846:49846): Dispositivo IO '(null)' iniciando...
[ERROR] 22:23:27:077 IO/(49846:49846): Fallo la conexión con el Kernel.
[INFO] 00:47:52:309 IO/(6052:6052): Dispositivo IO 'impresora' iniciando...
[INFO] 00:47:52:309 IO/(6052:6052): Conectado al Kernel en ip_kernel:8003
[INFO] 00:47:52:309 IO/(6052:6052): Handshake enviado con nombre: impresora
[INFO] 00:47:52:310 IO/(6052:6052): IO listo. Esperando peticiones...
[INFO] 19:28:31:077 IO/(2704:2704): Dispositivo IO 'impresora' iniciando...
[INFO] 19:28:31:096 IO/(2704:2704): Conectado al Kernel en ip_kernel:8003
[INFO] 19:28:31:097 IO/(2704:2704): Handshake enviado con nombre: impresora
[INFO] 19:28:31:097 IO/(2704:2704): IO listo. Esperando peticiones...
[INFO] 22:33:03:756 IO/(3600:3600): Dispositivo IO 'impresora' iniciando...
[INFO] 22:33:03:756 IO/(3600:3600): Conectado al Kernel en ip_kernel:8003
[INFO] 22:33:03:756 IO/(3600:3600): Handshake enviado con nombre: impresora
[INFO] 22:33:03:756 IO/(3600:3600): IO listo. Esperando peticiones...
