[INFO] 22:41:38:679 IO/(53596:53596): Dispositivo IO 'impresora' iniciando...
[ERROR] 22:41:38:679 IO/(53596:53596): Fallo la conexión con el Kernel.
[INFO] 22:59:32:342 IO/(56190:56190): Dispositivo IO 'impresora' iniciando...
[ERROR] 22:59:32:342 IO/(56190:56190): Fallo la conexión con el Kernel.
[INFO] 23:04:19:590 IO/(56521:56521): Dispositivo IO 'impresora' iniciando...
[ERROR] 23:04:19:591 IO/(56521:56521): Fallo la conexión con el Kernel.
[INFO] 23:05:17:290 IO/(57167:57167): Dispositivo IO 'impresora' iniciando...
[INFO] 23:05:17:291 IO/(57167:57167): Conectado al Kernel en ip_kernel:8003
[INFO] 23:05:17:291 IO/(57167:57167): IO listo. Esperando peticiones...
[INFO] 23:12:11:082 IO/(58765:58765): Dispositivo IO 'impresora' iniciando...
[INFO] 23:12:11:082 IO/(58765:58765): Conectado al Kernel en ip_kernel:8003
[INFO] 23:12:11:082 IO/(58765:58765): IO listo. Esperando peticiones...
[INFO] 00:54:29:654 IO/(7383:7383): Dispositivo IO 'impresora' iniciando...
[INFO] 00:54:29:664 IO/(7383:7383): Conectado al Kernel en ip_kernel:8003
[INFO] 00:54:29:664 IO/(7383:7383): Handshake enviado con nombre: impresora
[INFO] 00:54:29:664 IO/(7383:7383): IO listo. Esperando peticiones...
[INFO] 01:00:40:620 IO/(8873:8873): Dispositivo IO 'impresora' iniciando...
[INFO] 01:00:40:620 IO/(8873:8873): Conectado al Kernel en ip_kernel:8003
[INFO] 01:00:40:620 IO/(8873:8873): Handshake enviado con nombre: impresora
[INFO] 01:00:40:620 IO/(8873:8873): IO listo. Esperando peticiones...
[INFO] 02:39:18:500 IO/(38130:38130): Dispositivo IO 'impresora' iniciando...
[INFO] 02:39:18:500 IO/(38130:38130): Conectado al Kernel en ip_kernel:8003
[INFO] 02:39:18:500 IO/(38130:38130): Handshake enviado con nombre: impresora
[INFO] 02:39:18:500 IO/(38130:38130): IO listo. Esperando peticiones...
